TN:
SF:src\controllers\authController.js
FN:12,(anonymous_0)
FN:17,(anonymous_1)
FN:42,(anonymous_2)
FN:72,(anonymous_3)
FN:113,(anonymous_4)
FN:127,(anonymous_5)
FN:137,(anonymous_6)
FN:174,(anonymous_7)
FNF:8
FNH:7
FNDA:3,(anonymous_0)
FNDA:3,(anonymous_1)
FNDA:2,(anonymous_2)
FNDA:4,(anonymous_3)
FNDA:1,(anonymous_4)
FNDA:1,(anonymous_5)
FNDA:2,(anonymous_6)
FNDA:0,(anonymous_7)
DA:1,8
DA:2,8
DA:3,8
DA:4,8
DA:5,8
DA:6,8
DA:12,8
DA:13,3
DA:17,8
DA:18,3
DA:21,3
DA:30,3
DA:33,3
DA:35,3
DA:42,8
DA:43,2
DA:47,2
DA:48,2
DA:49,1
DA:52,1
DA:54,1
DA:65,1
DA:72,8
DA:73,4
DA:75,4
DA:76,0
DA:80,4
DA:84,4
DA:85,2
DA:88,2
DA:89,1
DA:93,1
DA:94,1
DA:96,1
DA:106,1
DA:113,8
DA:115,1
DA:120,1
DA:127,8
DA:128,1
DA:130,1
DA:137,8
DA:138,2
DA:140,2
DA:141,0
DA:144,2
DA:146,2
DA:147,1
DA:150,1
DA:151,0
DA:154,1
DA:155,1
DA:156,1
DA:158,1
DA:167,1
DA:174,8
DA:175,0
DA:177,0
DA:178,0
DA:181,0
DA:182,0
DA:184,0
DA:185,0
DA:186,0
DA:188,0
DA:197,0
LF:66
LH:53
BRDA:14,0,0,3
BRDA:14,0,1,0
BRDA:23,1,0,3
BRDA:23,1,1,0
BRDA:48,2,0,1
BRDA:48,2,1,1
BRDA:75,3,0,0
BRDA:75,3,1,4
BRDA:75,4,0,4
BRDA:75,4,1,4
BRDA:84,5,0,2
BRDA:84,5,1,2
BRDA:84,6,0,4
BRDA:84,6,1,3
BRDA:88,7,0,1
BRDA:88,7,1,1
BRDA:140,8,0,0
BRDA:140,8,1,2
BRDA:140,9,0,2
BRDA:140,9,1,2
BRDA:146,10,0,1
BRDA:146,10,1,1
BRDA:150,11,0,0
BRDA:150,11,1,1
BRDA:177,12,0,0
BRDA:177,12,1,0
BRDA:177,13,0,0
BRDA:177,13,1,0
BRDA:182,14,0,0
BRDA:182,14,1,0
BRF:30
BRH:19
end_of_record
TN:
SF:src\controllers\branchController.js
FN:15,(anonymous_0)
FN:37,(anonymous_1)
FN:61,(anonymous_2)
FN:72,(anonymous_3)
FN:98,(anonymous_4)
FN:121,(anonymous_5)
FNF:6
FNH:6
FNDA:1,(anonymous_0)
FNDA:1,(anonymous_1)
FNDA:2,(anonymous_2)
FNDA:2,(anonymous_3)
FNDA:1,(anonymous_4)
FNDA:1,(anonymous_5)
DA:1,8
DA:2,8
DA:3,8
DA:4,8
DA:5,8
DA:6,8
DA:7,8
DA:8,8
DA:9,8
DA:15,8
DA:16,1
DA:18,1
DA:20,1
DA:30,1
DA:37,8
DA:38,1
DA:39,1
DA:41,1
DA:42,0
DA:45,1
DA:54,1
DA:61,8
DA:62,2
DA:63,2
DA:65,1
DA:72,8
DA:73,2
DA:74,2
DA:76,2
DA:81,2
DA:91,2
DA:98,8
DA:99,1
DA:100,1
DA:102,1
DA:103,1
DA:105,1
DA:114,1
DA:121,8
DA:122,1
DA:124,1
DA:125,1
DA:127,1
DA:128,1
DA:129,1
DA:140,1
DA:164,1
DA:165,1
DA:166,1
DA:167,1
DA:169,1
LF:51
LH:50
BRDA:41,0,0,0
BRDA:41,0,1,1
BRDA:63,1,0,1
BRDA:63,1,1,1
BRDA:74,2,0,0
BRDA:74,2,1,2
BRDA:100,3,0,0
BRDA:100,3,1,1
BRDA:125,4,0,0
BRDA:125,4,1,1
BRDA:164,5,0,1
BRDA:164,5,1,1
BRDA:165,6,0,1
BRDA:165,6,1,1
BRDA:166,7,0,1
BRDA:166,7,1,1
BRF:16
BRH:12
end_of_record
TN:
SF:src\controllers\customerController.js
FN:12,(anonymous_0)
FN:34,(anonymous_1)
FN:62,(anonymous_2)
FN:73,(anonymous_3)
FN:88,(anonymous_4)
FN:114,(anonymous_5)
FN:134,(anonymous_6)
FNF:7
FNH:6
FNDA:2,(anonymous_0)
FNDA:3,(anonymous_1)
FNDA:2,(anonymous_2)
FNDA:1,(anonymous_3)
FNDA:1,(anonymous_4)
FNDA:1,(anonymous_5)
FNDA:0,(anonymous_6)
DA:1,8
DA:2,8
DA:3,8
DA:4,8
DA:5,8
DA:6,8
DA:12,8
DA:13,2
DA:16,2
DA:17,2
DA:20,2
DA:21,2
DA:22,1
DA:25,1
DA:27,1
DA:34,8
DA:35,3
DA:36,3
DA:38,3
DA:41,3
DA:42,1
DA:43,1
DA:46,3
DA:55,3
DA:62,8
DA:63,2
DA:64,2
DA:66,1
DA:73,8
DA:74,1
DA:79,1
DA:81,1
DA:88,8
DA:89,1
DA:91,1
DA:92,1
DA:94,1
DA:95,1
DA:97,1
DA:107,1
DA:114,8
DA:115,1
DA:116,1
DA:118,1
DA:127,1
DA:134,8
DA:135,0
DA:137,0
DA:138,0
DA:140,0
DA:148,0
DA:157,0
LF:52
LH:46
BRDA:16,0,0,2
BRDA:16,0,1,0
BRDA:17,1,0,0
BRDA:17,1,1,2
BRDA:21,2,0,1
BRDA:21,2,1,1
BRDA:38,3,0,0
BRDA:38,3,1,3
BRDA:41,4,0,1
BRDA:41,4,1,2
BRDA:64,5,0,1
BRDA:64,5,1,1
BRDA:79,6,0,0
BRDA:79,6,1,1
BRDA:92,7,0,0
BRDA:92,7,1,1
BRDA:95,8,0,0
BRDA:95,8,1,1
BRDA:137,9,0,0
BRDA:137,9,1,0
BRF:20
BRH:12
end_of_record
TN:
SF:src\controllers\expenseController.js
FN:7,(anonymous_0)
FN:22,(anonymous_1)
FN:46,(anonymous_2)
FN:64,(anonymous_3)
FN:81,(anonymous_4)
FNF:5
FNH:4
FNDA:7,(anonymous_0)
FNDA:2,(anonymous_1)
FNDA:0,(anonymous_2)
FNDA:1,(anonymous_3)
FNDA:1,(anonymous_4)
DA:1,8
DA:2,8
DA:3,8
DA:4,8
DA:5,8
DA:7,8
DA:8,7
DA:9,7
DA:11,7
DA:13,7
DA:19,7
DA:22,8
DA:23,2
DA:24,2
DA:26,2
DA:27,2
DA:28,0
DA:29,0
DA:30,0
DA:33,2
DA:43,2
DA:46,8
DA:47,0
DA:48,0
DA:50,0
DA:52,0
DA:61,0
DA:64,8
DA:65,1
DA:66,1
DA:67,0
DA:68,0
DA:69,0
DA:72,1
DA:78,1
DA:81,8
DA:82,1
DA:83,1
DA:85,1
DA:92,1
DA:93,1
LF:41
LH:30
BRDA:8,0,0,7
BRDA:8,0,1,0
BRDA:9,1,0,0
BRDA:9,1,1,7
BRDA:26,2,0,1
BRDA:26,2,1,1
BRDA:27,3,0,0
BRDA:27,3,1,2
BRDA:27,4,0,2
BRDA:27,4,1,2
BRDA:29,5,0,0
BRDA:29,5,1,0
BRDA:30,6,0,0
BRDA:30,6,1,0
BRDA:50,7,0,0
BRDA:50,7,1,0
BRDA:66,8,0,0
BRDA:66,8,1,1
BRDA:66,9,0,1
BRDA:66,9,1,1
BRDA:68,10,0,0
BRDA:68,10,1,0
BRDA:69,11,0,0
BRDA:69,11,1,0
BRDA:83,12,0,0
BRDA:83,12,1,1
BRF:26
BRH:11
end_of_record
TN:
SF:src\controllers\inventoryController.js
FN:16,(anonymous_0)
FN:39,(anonymous_1)
FN:62,(anonymous_2)
FN:80,(anonymous_3)
FN:113,(anonymous_4)
FN:170,(anonymous_5)
FN:211,(anonymous_6)
FN:225,(anonymous_7)
FNF:8
FNH:6
FNDA:1,(anonymous_0)
FNDA:2,(anonymous_1)
FNDA:0,(anonymous_2)
FNDA:1,(anonymous_3)
FNDA:2,(anonymous_4)
FNDA:1,(anonymous_5)
FNDA:1,(anonymous_6)
FNDA:0,(anonymous_7)
DA:1,8
DA:2,8
DA:3,8
DA:4,8
DA:5,8
DA:6,8
DA:7,8
DA:8,8
DA:9,8
DA:10,8
DA:16,8
DA:17,1
DA:18,1
DA:20,1
DA:22,1
DA:32,1
DA:39,8
DA:40,2
DA:41,2
DA:43,2
DA:44,2
DA:46,2
DA:55,2
DA:62,8
DA:63,0
DA:64,0
DA:66,0
DA:68,0
DA:73,0
DA:80,8
DA:81,1
DA:83,1
DA:84,1
DA:86,1
DA:87,1
DA:88,1
DA:90,1
DA:95,1
DA:106,1
DA:113,8
DA:114,2
DA:115,2
DA:117,2
DA:118,2
DA:120,2
DA:121,1
DA:127,1
DA:128,1
DA:130,1
DA:140,1
DA:141,0
DA:147,0
DA:148,0
DA:157,0
DA:158,0
DA:163,1
DA:170,8
DA:171,1
DA:172,1
DA:174,1
DA:175,1
DA:177,1
DA:179,1
DA:180,1
DA:182,1
DA:192,1
DA:204,1
DA:211,8
DA:212,1
DA:214,1
DA:218,1
DA:225,8
DA:226,0
DA:227,0
DA:229,0
DA:230,0
DA:231,0
DA:232,0
DA:235,0
DA:246,0
LF:80
LH:62
BRDA:17,0,0,1
BRDA:17,0,1,0
BRDA:18,1,0,0
BRDA:18,1,1,1
BRDA:43,2,0,0
BRDA:43,2,1,2
BRDA:44,3,0,1
BRDA:44,3,1,1
BRDA:66,4,0,0
BRDA:66,4,1,0
BRDA:84,5,0,0
BRDA:84,5,1,1
BRDA:87,6,0,1
BRDA:87,6,1,0
BRDA:88,7,0,0
BRDA:88,7,1,1
BRDA:118,8,0,0
BRDA:118,8,1,2
BRDA:120,9,0,1
BRDA:120,9,1,1
BRDA:133,10,0,1
BRDA:133,10,1,0
BRDA:140,11,0,0
BRDA:140,11,1,1
BRDA:157,12,0,0
BRDA:157,12,1,0
BRDA:175,13,0,0
BRDA:175,13,1,1
BRDA:229,14,0,0
BRDA:229,14,1,0
BRDA:229,15,0,0
BRDA:229,15,1,0
BRDA:231,16,0,0
BRDA:231,16,1,0
BRDA:232,17,0,0
BRDA:232,17,1,0
BRF:36
BRH:14
end_of_record
TN:
SF:src\controllers\machineController.js
FN:12,(anonymous_0)
FN:30,(anonymous_1)
FN:49,(anonymous_2)
FN:58,(anonymous_3)
FN:87,(anonymous_4)
FN:119,(anonymous_5)
FNF:6
FNH:3
FNDA:5,(anonymous_0)
FNDA:0,(anonymous_1)
FNDA:0,(anonymous_2)
FNDA:1,(anonymous_3)
FNDA:1,(anonymous_4)
FNDA:0,(anonymous_5)
DA:1,8
DA:2,8
DA:3,8
DA:4,8
DA:5,8
DA:6,8
DA:12,8
DA:13,5
DA:14,5
DA:16,5
DA:18,5
DA:23,5
DA:30,8
DA:31,0
DA:32,0
DA:34,0
DA:35,0
DA:37,0
DA:42,0
DA:49,8
DA:50,0
DA:51,0
DA:58,8
DA:59,1
DA:61,1
DA:62,1
DA:64,1
DA:66,1
DA:67,1
DA:68,1
DA:69,1
DA:71,1
DA:73,1
DA:80,1
DA:87,8
DA:88,1
DA:89,1
DA:91,1
DA:92,1
DA:94,1
DA:95,0
DA:98,1
DA:107,1
DA:108,1
DA:109,1
DA:112,1
DA:119,8
DA:120,0
DA:122,0
DA:132,0
LF:50
LH:38
BRDA:13,0,0,5
BRDA:13,0,1,0
BRDA:14,1,0,0
BRDA:14,1,1,5
BRDA:34,2,0,0
BRDA:34,2,1,0
BRDA:35,3,0,0
BRDA:35,3,1,0
BRDA:62,4,0,0
BRDA:62,4,1,1
BRDA:66,5,0,1
BRDA:66,5,1,0
BRDA:67,6,0,0
BRDA:67,6,1,1
BRDA:68,7,0,0
BRDA:68,7,1,1
BRDA:69,8,0,0
BRDA:69,8,1,1
BRDA:92,9,0,0
BRDA:92,9,1,1
BRDA:94,10,0,0
BRDA:94,10,1,1
BRDA:103,11,0,1
BRDA:103,11,1,1
BRDA:107,12,0,1
BRDA:107,12,1,0
BRF:26
BRH:12
end_of_record
TN:
SF:src\controllers\miscControllers.js
FN:12,(anonymous_0)
FN:30,(anonymous_1)
FN:42,(anonymous_2)
FN:51,(anonymous_3)
FN:66,(anonymous_4)
FN:92,(anonymous_5)
FN:107,(anonymous_6)
FN:126,(anonymous_7)
FN:138,(anonymous_8)
FN:158,(anonymous_9)
FN:166,(anonymous_10)
FN:196,(anonymous_11)
FNF:12
FNH:4
FNDA:0,(anonymous_0)
FNDA:0,(anonymous_1)
FNDA:0,(anonymous_2)
FNDA:0,(anonymous_3)
FNDA:0,(anonymous_4)
FNDA:0,(anonymous_5)
FNDA:0,(anonymous_6)
FNDA:5,(anonymous_7)
FNDA:1,(anonymous_8)
FNDA:0,(anonymous_9)
FNDA:1,(anonymous_10)
FNDA:1,(anonymous_11)
DA:1,8
DA:2,8
DA:3,8
DA:4,8
DA:5,8
DA:6,8
DA:12,8
DA:13,0
DA:14,0
DA:16,0
DA:18,0
DA:27,0
DA:30,8
DA:31,0
DA:37,0
DA:39,0
DA:42,8
DA:43,0
DA:48,0
DA:51,8
DA:52,0
DA:57,0
DA:59,0
DA:66,8
DA:67,0
DA:68,0
DA:70,0
DA:71,0
DA:72,0
DA:73,0
DA:74,0
DA:75,0
DA:76,0
DA:79,0
DA:89,0
DA:92,8
DA:93,0
DA:95,0
DA:104,0
DA:107,8
DA:108,0
DA:110,0
DA:119,0
DA:126,8
DA:127,5
DA:128,5
DA:130,5
DA:131,5
DA:133,4
DA:135,4
DA:138,8
DA:139,1
DA:140,1
DA:142,1
DA:143,1
DA:145,1
DA:155,1
DA:158,8
DA:159,0
DA:163,0
DA:166,8
DA:167,1
DA:169,1
DA:193,1
DA:196,8
DA:197,1
DA:203,1
DA:205,1
LF:68
LH:36
BRDA:16,0,0,0
BRDA:16,0,1,0
BRDA:37,1,0,0
BRDA:37,1,1,0
BRDA:57,2,0,0
BRDA:57,2,1,0
BRDA:70,3,0,0
BRDA:70,3,1,0
BRDA:71,4,0,0
BRDA:71,4,1,0
BRDA:72,5,0,0
BRDA:72,5,1,0
BRDA:73,6,0,0
BRDA:73,6,1,0
BRDA:73,7,0,0
BRDA:73,7,1,0
BRDA:75,8,0,0
BRDA:75,8,1,0
BRDA:76,9,0,0
BRDA:76,9,1,0
BRDA:128,10,0,5
BRDA:128,10,1,0
BRDA:131,11,0,1
BRDA:131,11,1,4
BRDA:142,12,0,0
BRDA:142,12,1,1
BRDA:143,13,0,0
BRDA:143,13,1,1
BRDA:163,14,0,0
BRDA:163,14,1,0
BRDA:203,15,0,0
BRDA:203,15,1,1
BRF:32
BRH:6
end_of_record
TN:
SF:src\controllers\orderController.js
FN:15,(anonymous_0)
FN:16,(anonymous_1)
FN:22,(anonymous_2)
FN:43,(anonymous_3)
FN:94,(anonymous_4)
FN:126,(anonymous_5)
FN:143,(anonymous_6)
FN:199,(anonymous_7)
FN:244,(anonymous_8)
FN:273,(anonymous_9)
FN:296,(anonymous_10)
FN:317,(anonymous_11)
FNF:12
FNH:10
FNDA:2,(anonymous_0)
FNDA:3,(anonymous_1)
FNDA:3,(anonymous_2)
FNDA:3,(anonymous_3)
FNDA:2,(anonymous_4)
FNDA:2,(anonymous_5)
FNDA:2,(anonymous_6)
FNDA:2,(anonymous_7)
FNDA:1,(anonymous_8)
FNDA:0,(anonymous_9)
FNDA:0,(anonymous_10)
FNDA:2,(anonymous_11)
DA:1,8
DA:2,8
DA:3,8
DA:4,8
DA:5,8
DA:6,8
DA:7,8
DA:8,8
DA:9,8
DA:15,8
DA:16,3
DA:22,8
DA:32,3
DA:35,3
DA:36,3
DA:39,3
DA:40,3
DA:43,3
DA:47,2
DA:49,2
DA:65,2
DA:71,2
DA:82,2
DA:87,2
DA:94,8
DA:95,2
DA:96,2
DA:98,2
DA:99,2
DA:102,2
DA:103,0
DA:104,0
DA:105,0
DA:108,2
DA:119,2
DA:126,8
DA:127,2
DA:134,2
DA:136,1
DA:143,8
DA:144,2
DA:145,2
DA:147,2
DA:150,2
DA:151,1
DA:159,1
DA:161,1
DA:162,1
DA:165,1
DA:166,0
DA:169,0
DA:178,1
DA:180,1
DA:192,1
DA:199,8
DA:200,2
DA:201,2
DA:203,2
DA:204,0
DA:207,2
DA:208,1
DA:211,1
DA:213,1
DA:214,1
DA:215,1
DA:216,1
DA:218,1
DA:221,1
DA:225,1
DA:237,1
DA:244,8
DA:245,1
DA:247,1
DA:248,1
DA:250,1
DA:256,1
DA:266,1
DA:273,8
DA:274,0
DA:275,0
DA:277,0
DA:279,0
DA:289,0
DA:296,8
DA:297,0
DA:298,0
DA:300,0
DA:310,0
DA:317,8
DA:318,2
DA:319,2
DA:321,2
DA:322,1
DA:325,1
DA:336,1
DA:338,1
LF:96
LH:81
BRDA:30,0,0,0
BRDA:35,1,0,3
BRDA:35,1,1,0
BRDA:36,2,0,0
BRDA:36,2,1,3
BRDA:40,3,0,1
BRDA:40,3,1,2
BRDA:57,4,0,0
BRDA:57,4,1,2
BRDA:59,5,0,0
BRDA:59,5,1,2
BRDA:98,6,0,1
BRDA:98,6,1,1
BRDA:99,7,0,0
BRDA:99,7,1,2
BRDA:102,8,0,0
BRDA:102,8,1,2
BRDA:102,9,0,2
BRDA:102,9,1,2
BRDA:104,10,0,0
BRDA:104,10,1,0
BRDA:105,11,0,0
BRDA:105,11,1,0
BRDA:134,12,0,1
BRDA:134,12,1,1
BRDA:147,13,0,0
BRDA:147,13,1,2
BRDA:150,14,0,1
BRDA:150,14,1,1
BRDA:165,15,0,0
BRDA:165,15,1,1
BRDA:165,16,0,1
BRDA:165,16,1,0
BRDA:201,17,0,0
BRDA:201,17,1,2
BRDA:203,18,0,0
BRDA:203,18,1,2
BRDA:207,19,0,1
BRDA:207,19,1,1
BRDA:247,20,0,1
BRDA:247,20,1,1
BRDA:277,21,0,0
BRDA:277,21,1,0
BRDA:319,22,0,0
BRDA:319,22,1,2
BRDA:321,23,0,1
BRDA:321,23,1,1
BRF:47
BRH:28
end_of_record
TN:
SF:src\controllers\paymentController.js
FN:13,(anonymous_0)
FN:85,(anonymous_1)
FN:116,(anonymous_2)
FN:128,(anonymous_3)
FN:150,(anonymous_4)
FN:190,(anonymous_5)
FNF:6
FNH:5
FNDA:5,(anonymous_0)
FNDA:2,(anonymous_1)
FNDA:1,(anonymous_2)
FNDA:0,(anonymous_3)
FNDA:1,(anonymous_4)
FNDA:1,(anonymous_5)
DA:1,8
DA:2,8
DA:3,8
DA:4,8
DA:5,8
DA:6,8
DA:7,8
DA:13,8
DA:14,5
DA:16,5
DA:17,5
DA:19,4
DA:20,1
DA:23,3
DA:26,3
DA:27,3
DA:28,3
DA:32,3
DA:45,3
DA:46,3
DA:47,3
DA:50,3
DA:51,1
DA:62,3
DA:73,3
DA:78,3
DA:85,8
DA:86,2
DA:87,2
DA:89,2
DA:90,2
DA:92,2
DA:93,0
DA:94,0
DA:95,0
DA:98,2
DA:109,2
DA:116,8
DA:117,1
DA:121,1
DA:128,8
DA:129,0
DA:130,0
DA:132,0
DA:143,0
DA:150,8
DA:151,1
DA:161,1
DA:163,1
DA:183,1
DA:190,8
DA:191,1
DA:193,1
DA:194,1
DA:196,1
DA:197,1
DA:198,1
DA:200,1
DA:210,1
LF:59
LH:52
BRDA:17,0,0,1
BRDA:17,0,1,4
BRDA:19,1,0,1
BRDA:19,1,1,3
BRDA:27,2,0,3
BRDA:27,2,1,1
BRDA:28,3,0,1
BRDA:28,3,1,2
BRDA:50,4,0,1
BRDA:50,4,1,2
BRDA:70,5,0,1
BRDA:70,5,1,2
BRDA:89,6,0,0
BRDA:89,6,1,2
BRDA:90,7,0,1
BRDA:90,7,1,1
BRDA:92,8,0,0
BRDA:92,8,1,2
BRDA:92,9,0,2
BRDA:92,9,1,2
BRDA:94,10,0,0
BRDA:94,10,1,0
BRDA:95,11,0,0
BRDA:95,11,1,0
BRDA:161,12,0,0
BRDA:161,12,1,1
BRDA:194,13,0,0
BRDA:194,13,1,1
BRDA:197,14,0,1
BRDA:197,14,1,0
BRDA:201,15,0,1
BRDA:201,15,1,0
BRDA:207,16,0,1
BRDA:207,16,1,0
BRDA:210,17,0,1
BRDA:210,17,1,0
BRF:36
BRH:24
end_of_record
TN:
SF:src\controllers\reportController.js
FN:17,(anonymous_0)
FN:28,(anonymous_1)
FN:104,(anonymous_2)
FN:158,(anonymous_3)
FN:200,(anonymous_4)
FN:222,(anonymous_5)
FN:223,(anonymous_6)
FN:234,(anonymous_7)
FN:247,(anonymous_8)
FN:268,(anonymous_9)
FN:283,(anonymous_10)
FN:294,(anonymous_11)
FN:323,(anonymous_12)
FN:355,(anonymous_13)
FN:373,(anonymous_14)
FNF:15
FNH:9
FNDA:7,(anonymous_0)
FNDA:1,(anonymous_1)
FNDA:2,(anonymous_2)
FNDA:1,(anonymous_3)
FNDA:1,(anonymous_4)
FNDA:0,(anonymous_5)
FNDA:0,(anonymous_6)
FNDA:0,(anonymous_7)
FNDA:1,(anonymous_8)
FNDA:1,(anonymous_9)
FNDA:0,(anonymous_10)
FNDA:1,(anonymous_11)
FNDA:1,(anonymous_12)
FNDA:0,(anonymous_13)
FNDA:0,(anonymous_14)
DA:1,8
DA:2,8
DA:3,8
DA:4,8
DA:5,8
DA:6,8
DA:7,8
DA:8,8
DA:9,8
DA:10,8
DA:11,8
DA:17,8
DA:18,7
DA:19,7
DA:20,7
DA:21,7
DA:28,8
DA:29,1
DA:46,1
DA:85,1
DA:86,1
DA:87,1
DA:89,1
DA:104,8
DA:105,2
DA:106,2
DA:112,2
DA:145,2
DA:158,8
DA:159,1
DA:160,1
DA:162,1
DA:189,1
DA:200,8
DA:201,1
DA:202,1
DA:204,1
DA:222,1
DA:223,0
DA:224,0
DA:225,0
DA:234,1
DA:240,1
DA:247,8
DA:248,1
DA:250,1
DA:261,1
DA:268,8
DA:269,1
DA:270,1
DA:272,1
DA:278,1
DA:283,1
DA:285,1
DA:294,8
DA:295,1
DA:296,1
DA:298,1
DA:316,1
DA:323,8
DA:324,1
DA:326,1
DA:344,1
DA:355,8
DA:356,0
DA:358,0
DA:373,0
DA:375,0
LF:68
LH:61
BRDA:19,0,0,0
BRDA:19,0,1,7
BRDA:20,1,0,0
BRDA:20,1,1,7
BRDA:85,2,0,1
BRDA:85,2,1,1
BRDA:86,3,0,1
BRDA:86,3,1,1
BRDA:87,4,0,1
BRDA:87,4,1,1
BRDA:148,5,0,2
BRDA:148,5,1,2
BRDA:148,6,0,2
BRDA:148,6,1,2
BRDA:148,7,0,2
BRDA:148,7,1,2
BRDA:148,8,0,2
BRDA:148,8,1,2
BRDA:191,9,0,1
BRDA:191,9,1,0
BRDA:224,10,0,0
BRDA:224,10,1,0
BRDA:230,11,0,0
BRDA:230,11,1,0
BRDA:269,12,0,1
BRDA:269,12,1,1
BRDA:361,13,0,0
BRDA:361,13,1,0
BRF:28
BRH:19
end_of_record
TN:
SF:src\controllers\userController.js
FN:11,(anonymous_0)
FN:36,(anonymous_1)
FN:50,(anonymous_2)
FN:73,(anonymous_3)
FN:106,(anonymous_4)
FN:133,(anonymous_5)
FNF:6
FNH:0
FNDA:0,(anonymous_0)
FNDA:0,(anonymous_1)
FNDA:0,(anonymous_2)
FNDA:0,(anonymous_3)
FNDA:0,(anonymous_4)
FNDA:0,(anonymous_5)
DA:1,8
DA:2,8
DA:3,8
DA:4,8
DA:5,8
DA:11,8
DA:12,0
DA:13,0
DA:16,0
DA:17,0
DA:19,0
DA:29,0
DA:36,8
DA:37,0
DA:41,0
DA:43,0
DA:50,8
DA:51,0
DA:52,0
DA:54,0
DA:55,0
DA:57,0
DA:66,0
DA:73,8
DA:75,0
DA:77,0
DA:78,0
DA:80,0
DA:87,0
DA:99,0
DA:106,8
DA:107,0
DA:108,0
DA:110,0
DA:111,0
DA:114,0
DA:115,0
DA:117,0
DA:126,0
DA:133,8
DA:134,0
DA:135,0
DA:137,0
DA:138,0
DA:140,0
DA:149,0
LF:46
LH:11
BRDA:16,0,0,0
BRDA:16,0,1,0
BRDA:17,1,0,0
BRDA:17,1,1,0
BRDA:41,2,0,0
BRDA:41,2,1,0
BRDA:55,3,0,0
BRDA:55,3,1,0
BRDA:78,4,0,0
BRDA:78,4,1,0
BRDA:108,5,0,0
BRDA:108,5,1,0
BRDA:110,6,0,0
BRDA:110,6,1,0
BRDA:135,7,0,0
BRDA:135,7,1,0
BRF:16
BRH:0
end_of_record
TN:
SF:src\middleware\auditMiddleware.js
FN:17,(anonymous_0)
FN:18,(anonymous_1)
FN:22,(anonymous_2)
FN:65,(anonymous_3)
FNF:4
FNH:4
FNDA:32,(anonymous_0)
FNDA:12,(anonymous_1)
FNDA:12,(anonymous_2)
FNDA:33,(anonymous_3)
DA:1,8
DA:17,8
DA:18,32
DA:20,12
DA:22,12
DA:24,12
DA:25,7
DA:27,7
DA:33,7
DA:34,7
DA:48,0
DA:52,12
DA:55,12
DA:65,8
DA:76,33
DA:77,33
DA:89,0
DA:93,8
LF:18
LH:16
BRDA:24,0,0,7
BRDA:24,0,1,5
BRDA:24,1,0,12
BRDA:24,1,1,12
BRDA:24,1,2,7
BRDA:27,2,0,7
BRDA:27,2,1,0
BRDA:27,2,2,0
BRDA:27,2,3,0
BRDA:27,2,4,0
BRDA:33,3,0,7
BRDA:33,3,1,0
BRDA:39,4,0,7
BRDA:39,4,1,0
BRDA:40,5,0,7
BRDA:40,5,1,7
BRDA:42,6,0,7
BRDA:42,6,1,0
BRDA:42,6,2,0
BRDA:70,7,0,6
BRDA:71,8,0,24
BRDA:72,9,0,6
BRDA:73,10,0,0
BRDA:74,11,0,10
BRF:24
BRH:15
end_of_record
TN:
SF:src\middleware\authMiddleware.js
FN:9,(anonymous_0)
FN:61,(anonymous_1)
FN:62,(anonymous_2)
FN:81,(anonymous_3)
FN:105,(anonymous_4)
FNF:5
FNH:5
FNDA:141,(anonymous_0)
FNDA:288,(anonymous_1)
FNDA:79,(anonymous_2)
FNDA:4,(anonymous_3)
FNDA:113,(anonymous_4)
DA:1,8
DA:2,8
DA:3,8
DA:9,8
DA:10,141
DA:14,141
DA:15,139
DA:16,2
DA:17,0
DA:20,141
DA:21,2
DA:25,139
DA:28,138
DA:30,138
DA:31,0
DA:35,138
DA:36,0
DA:40,138
DA:41,0
DA:45,138
DA:46,138
DA:49,1
DA:61,8
DA:62,288
DA:63,79
DA:64,20
DA:68,59
DA:81,8
DA:82,4
DA:84,4
DA:85,2
DA:88,2
DA:89,0
DA:92,2
DA:93,0
DA:96,2
DA:105,8
DA:106,113
DA:107,106
DA:109,7
DA:111,113
DA:114,8
LF:42
LH:36
BRDA:14,0,0,139
BRDA:14,0,1,2
BRDA:14,1,0,141
BRDA:14,1,1,139
BRDA:16,2,0,0
BRDA:16,2,1,2
BRDA:16,3,0,2
BRDA:16,3,1,2
BRDA:20,4,0,2
BRDA:20,4,1,139
BRDA:30,5,0,0
BRDA:30,5,1,138
BRDA:35,6,0,0
BRDA:35,6,1,138
BRDA:40,7,0,0
BRDA:40,7,1,138
BRDA:63,8,0,20
BRDA:63,8,1,59
BRDA:84,9,0,2
BRDA:84,9,1,2
BRDA:88,10,0,0
BRDA:88,10,1,2
BRDA:92,11,0,0
BRDA:92,11,1,2
BRDA:106,12,0,106
BRDA:106,12,1,7
BRF:26
BRH:20
end_of_record
TN:
SF:src\middleware\errorHandler.js
FN:6,(anonymous_0)
FN:21,(anonymous_1)
FN:27,(anonymous_2)
FN:35,(anonymous_3)
FN:36,(anonymous_4)
FN:42,(anonymous_5)
FN:46,(anonymous_6)
FN:50,(anonymous_7)
FN:60,(anonymous_8)
FN:80,(anonymous_9)
FNF:10
FNH:4
FNDA:70,(anonymous_0)
FNDA:0,(anonymous_1)
FNDA:0,(anonymous_2)
FNDA:0,(anonymous_3)
FNDA:0,(anonymous_4)
FNDA:0,(anonymous_5)
FNDA:1,(anonymous_6)
FNDA:0,(anonymous_7)
FNDA:70,(anonymous_8)
FNDA:70,(anonymous_9)
DA:7,70
DA:8,70
DA:9,70
DA:10,70
DA:12,70
DA:21,8
DA:22,0
DA:23,0
DA:27,8
DA:28,0
DA:29,0
DA:30,0
DA:31,0
DA:35,8
DA:36,0
DA:37,0
DA:38,0
DA:42,8
DA:43,0
DA:46,8
DA:47,1
DA:50,8
DA:51,0
DA:60,8
DA:61,70
DA:62,70
DA:68,0
DA:69,0
DA:80,8
DA:81,70
DA:82,70
DA:84,70
DA:85,0
DA:89,70
DA:91,70
DA:92,70
DA:93,70
DA:94,70
DA:95,70
DA:97,70
DA:101,8
LF:41
LH:27
BRDA:9,0,0,70
BRDA:9,0,1,0
BRDA:9,1,0,70
BRDA:9,1,1,70
BRDA:61,2,0,70
BRDA:61,2,1,0
BRDA:81,3,0,70
BRDA:81,3,1,1
BRDA:82,4,0,70
BRDA:82,4,1,1
BRDA:84,5,0,0
BRDA:84,5,1,70
BRDA:91,6,0,0
BRDA:91,6,1,70
BRDA:92,7,0,0
BRDA:92,7,1,70
BRDA:93,8,0,0
BRDA:93,8,1,70
BRDA:94,9,0,1
BRDA:94,9,1,69
BRDA:95,10,0,0
BRDA:95,10,1,70
BRF:22
BRH:15
end_of_record
TN:
SF:src\middleware\validateRequest.js
FN:10,(anonymous_0)
FN:15,(anonymous_1)
FNF:2
FNH:2
FNDA:79,(anonymous_0)
FNDA:35,(anonymous_1)
DA:1,8
DA:2,8
DA:10,8
DA:11,79
DA:13,79
DA:15,35
DA:16,30
DA:19,49
DA:22,8
LF:9
LH:9
BRDA:13,0,0,30
BRDA:13,0,1,49
BRF:2
BRH:2
end_of_record
TN:
SF:src\models\AuditLog.js
FN:55,(anonymous_0)
FNF:1
FNH:0
FNDA:0,(anonymous_0)
DA:1,8
DA:3,8
DA:55,8
DA:56,0
DA:59,8
LF:5
LH:4
BRF:0
BRH:0
end_of_record
TN:
SF:src\models\Branch.js
FNF:0
FNH:0
DA:1,8
DA:3,8
DA:36,8
LF:3
LH:3
BRF:0
BRH:0
end_of_record
TN:
SF:src\models\Customer.js
FN:56,(anonymous_0)
FNF:1
FNH:0
FNDA:0,(anonymous_0)
DA:1,8
DA:3,8
DA:56,8
DA:57,0
DA:58,0
DA:59,0
DA:61,0
DA:62,0
DA:65,8
LF:9
LH:4
BRDA:57,0,0,0
BRDA:57,0,1,0
BRDA:62,1,0,0
BRDA:62,1,1,0
BRF:4
BRH:0
end_of_record
TN:
SF:src\models\CustomerFeedback.js
FNF:0
FNH:0
DA:1,8
DA:3,8
DA:50,8
DA:52,8
LF:4
LH:4
BRF:0
BRH:0
end_of_record
TN:
SF:src\models\Expense.js
FNF:0
FNH:0
DA:1,8
DA:3,8
DA:46,8
LF:3
LH:3
BRF:0
BRH:0
end_of_record
TN:
SF:src\models\Inventory.js
FN:46,(anonymous_0)
FNF:1
FNH:1
FNDA:14,(anonymous_0)
DA:1,8
DA:3,8
DA:46,8
DA:47,14
DA:50,8
LF:5
LH:5
BRF:0
BRH:0
end_of_record
TN:
SF:src\models\Machine.js
FNF:0
FNH:0
DA:1,8
DA:3,8
DA:46,8
LF:3
LH:3
BRF:0
BRH:0
end_of_record
TN:
SF:src\models\MachineUsageLog.js
FN:41,(anonymous_0)
FNF:1
FNH:1
FNDA:1,(anonymous_0)
DA:1,8
DA:3,8
DA:41,8
DA:42,1
DA:43,0
DA:47,8
LF:6
LH:5
BRDA:42,0,0,0
BRDA:42,0,1,1
BRDA:42,1,0,1
BRDA:42,1,1,1
BRF:4
BRH:3
end_of_record
TN:
SF:src\models\Notification.js
FNF:0
FNH:0
DA:1,8
DA:3,8
DA:50,8
LF:3
LH:3
BRF:0
BRH:0
end_of_record
TN:
SF:src\models\Order.js
FN:63,(anonymous_0)
FN:130,(anonymous_1)
FNF:2
FNH:2
FNDA:44,(anonymous_0)
FNDA:44,(anonymous_1)
DA:1,8
DA:3,8
DA:38,8
DA:63,44
DA:130,8
DA:132,44
DA:133,39
DA:134,39
DA:135,39
DA:136,39
DA:137,39
DA:141,44
DA:142,5
DA:143,39
DA:144,1
DA:146,38
DA:150,8
LF:17
LH:17
BRDA:132,0,0,39
BRDA:132,0,1,5
BRDA:141,1,0,5
BRDA:141,1,1,39
BRDA:143,2,0,1
BRDA:143,2,1,38
BRF:6
BRH:6
end_of_record
TN:
SF:src\models\Payment.js
FN:57,(anonymous_0)
FNF:1
FNH:1
FNDA:13,(anonymous_0)
DA:1,8
DA:3,8
DA:57,8
DA:58,13
DA:60,12
DA:61,12
DA:62,12
DA:63,12
DA:64,12
DA:65,12
DA:68,8
LF:11
LH:11
BRDA:58,0,0,1
BRDA:58,0,1,12
BRF:2
BRH:2
end_of_record
TN:
SF:src\models\RestockLog.js
FNF:0
FNH:0
DA:1,8
DA:3,8
DA:43,8
LF:3
LH:3
BRF:0
BRH:0
end_of_record
TN:
SF:src\models\StockUsageLog.js
FNF:0
FNH:0
DA:1,8
DA:3,8
DA:38,8
LF:3
LH:3
BRF:0
BRH:0
end_of_record
TN:
SF:src\models\User.js
FN:55,(anonymous_0)
FN:61,(anonymous_1)
FN:66,(anonymous_2)
FNF:3
FNH:3
FNDA:381,(anonymous_0)
FNDA:5,(anonymous_1)
FNDA:138,(anonymous_2)
DA:1,8
DA:2,8
DA:4,8
DA:55,8
DA:56,381
DA:57,380
DA:61,8
DA:62,5
DA:66,8
DA:67,138
DA:68,0
DA:69,0
DA:71,138
DA:74,8
DA:75,8
LF:15
LH:13
BRDA:56,0,0,1
BRDA:56,0,1,380
BRDA:67,1,0,0
BRDA:67,1,1,138
BRF:4
BRH:3
end_of_record
